<?xml version="1.0" encoding="UTF-8"?>
<!-- Generated by org.testng.reporters.JUnitReportReporter -->
<testsuite hostname="DESKTOP-78R7TOL" failures="0" tests="1" name="testcases.CreateAccountTest" time="17.348" errors="0" timestamp="2020-04-22T08:33:14 EDT" skipped="0">
  <testcase classname="testcases.CreateAccountTest" name="createAccountTest" time="17.348"/>
  <system-out/>
</testsuite> <!-- testcases.CreateAccountTest -->
